#-----------------------------------------------------------
# Vivado v2020.2 (64-bit)
# SW Build 3064766 on Wed Nov 18 09:12:47 MST 2020
# IP Build 3064653 on Wed Nov 18 14:17:31 MST 2020
# Start of session at: Mon May 15 20:46:36 2023
# Process ID: 2349507
# Current directory: /home/adrian/simulink_2022/cordic_mix_v1
# Command line: vivado -mode batch -source ProjectGeneration.tcl -notrace
# Log file: /home/adrian/simulink_2022/cordic_mix_v1/vivado.log
# Journal file: /home/adrian/simulink_2022/cordic_mix_v1/vivado.jou
#-----------------------------------------------------------
source ProjectGeneration.tcl -notrace
WARNING: [Coretcl 2-176] No IPs found
INFO: [IP_Flow 19-234] Refreshing IP repositories
INFO: [IP_Flow 19-1704] No user IP repositories specified
INFO: [IP_Flow 19-2313] Loaded Vivado IP repository '/tools/Xilinx/Vivado/2020.2/data/ip'.
WARNING: [IP_Flow 19-4832] The IP name 'cordic_mix_v1_c_addsub_v12_0_i0' you have specified is long. The Windows operating system has path length limitations. It is recommended you use shorter names to reduce the likelihood of issues.
WARNING: [Vivado 12-3523] Attempt to change 'Component_Name' from 'cordic_mix_v1_c_addsub_v12_0_i0' to 'cordic_mix_v1_c_addsub_v12_0_i0' is not allowed and is ignored.
WARNING: [IP_Flow 19-3374] An attempt to modify the value of disabled parameter 'B_Value' from '00000000000000000000000' to '0' has been ignored for IP 'cordic_mix_v1_c_addsub_v12_0_i0'
WARNING: [IP_Flow 19-3374] An attempt to modify the value of disabled parameter 'Bypass_Sense' from 'Active_High' to 'Active_Low' has been ignored for IP 'cordic_mix_v1_c_addsub_v12_0_i0'
WARNING: [IP_Flow 19-3374] An attempt to modify the value of disabled parameter 'Bypass_CE_Priority' from 'CE_Overrides_Bypass' to 'Bypass_Overrides_CE' has been ignored for IP 'cordic_mix_v1_c_addsub_v12_0_i0'
WARNING: [IP_Flow 19-4832] The IP name 'cordic_mix_v1_cordic_v6_0_i0' you have specified is long. The Windows operating system has path length limitations. It is recommended you use shorter names to reduce the likelihood of issues.
WARNING: [Vivado 12-3523] Attempt to change 'Component_Name' from 'cordic_mix_v1_cordic_v6_0_i0' to 'cordic_mix_v1_cordic_v6_0_i0' is not allowed and is ignored.
IP Repository Located at : /tools/Xilinx/Vivado/2020.2/data/ip
Scanning sources...
Finished scanning sources
INFO: [IP_Flow 19-234] Refreshing IP repositories
INFO: [IP_Flow 19-1704] No user IP repositories specified
INFO: [IP_Flow 19-2313] Loaded Vivado IP repository '/tools/Xilinx/Vivado/2020.2/data/ip'.
Adding File /home/adrian/simulink_2022/cordic_mix_v1/ip_catalog/cordic_mix_v1.srcs/sources_1/ip/cordic_mix_v1_c_addsub_v12_0_i0/cordic_mix_v1_c_addsub_v12_0_i0.xci
Adding File /home/adrian/simulink_2022/cordic_mix_v1/ip_catalog/cordic_mix_v1.srcs/sources_1/ip/cordic_mix_v1_cordic_v6_0_i0/cordic_mix_v1_cordic_v6_0_i0.xci
Adding File /home/adrian/simulink_2022/cordic_mix_v1/sysgen/cordic_mix_v1.xdc
INFO: [IP_Flow 19-5107] Inferred bus interface 'clk' of definition 'xilinx.com:signal:clock:1.0' (from TCL Argument).
WARNING: [IP_Flow 19-5661] Bus Interface 'clk' does not have any bus interfaces associated with it.
INFO: [IP_Flow 19-2181] Payment Required is not set for this core.
INFO: [IP_Flow 19-2187] The Product Guide file is missing.
INFO: [Ipptcl 7-1486] check_integrity: Integrity check passed.
INFO: [IP_Flow 19-234] Refreshing IP repositories
INFO: [IP_Flow 19-1700] Loaded user IP repository '/home/adrian/simulink_2022/cordic_mix_v1/ip'.
WARNING: [IP_Flow 19-3656] If you move the project, the path for repository '/home/adrian/simulink_2022/cordic_mix_v1/ip' may become invalid. A better location for the repository would be in a path adjacent to the project. (Current project location is '/home/adrian/simulink_2022/cordic_mix_v1/ip_catalog'.)
0
Wrote  : </home/adrian/simulink_2022/cordic_mix_v1/ip_catalog/cordic_mix_v1.srcs/sources_1/bd/cordic_mix_v1_bd/cordic_mix_v1_bd.bd> 
WARNING: [BD 5-232] No interface pins matched 'get_bd_intf_pins /cordic_mix_v1_1/*'
WARNING: [BD 5-232] No interface pins matched 'get_bd_intf_pins /cordic_mix_v1_1/*'
WARNING: [BD 5-670] It is required to provide a frequency value for a user created input clock port. Please use the <-freq_hz $freq_val> argument of the create_bd_port command. ie create_bd_port -dir I -type clk -freq_hz 100000000 clkin
WARNING: [BD 5-232] No interface pins matched 'get_bd_intf_pins /cordic_mix_v1_1/*'
Wrote  : </home/adrian/simulink_2022/cordic_mix_v1/ip_catalog/cordic_mix_v1.srcs/sources_1/bd/cordic_mix_v1_bd/cordic_mix_v1_bd.bd> 
INFO: [Common 17-206] Exiting Vivado at Mon May 15 20:46:56 2023...
